  CGameBoard.cpp
C:\Users\zero_\Desktop\checkers_mfc-master\Checkers_MFC\CGameBoard.h(121,1): error C2059: syntax error: 'if'
  (compiling source file '/CGameBoard.cpp')
  
C:\Users\zero_\Desktop\checkers_mfc-master\Checkers_MFC\CGameBoard.h(121,20): error C2143: syntax error: missing ';' before '{'
  (compiling source file '/CGameBoard.cpp')
  
C:\Users\zero_\Desktop\checkers_mfc-master\Checkers_MFC\CGameBoard.h(121,20): error C2447: '{': missing function header (old-style formal list?)
  (compiling source file '/CGameBoard.cpp')
  
C:\Users\zero_\Desktop\checkers_mfc-master\Checkers_MFC\CGameBoard.h(130,1): error C2059: syntax error: 'else'
  (compiling source file '/CGameBoard.cpp')
  
C:\Users\zero_\Desktop\checkers_mfc-master\Checkers_MFC\CGameBoard.h(130,6): error C2143: syntax error: missing ';' before '{'
  (compiling source file '/CGameBoard.cpp')
  
C:\Users\zero_\Desktop\checkers_mfc-master\Checkers_MFC\CGameBoard.h(130,6): error C2447: '{': missing function header (old-style formal list?)
  (compiling source file '/CGameBoard.cpp')
  
C:\Users\zero_\Desktop\checkers_mfc-master\Checkers_MFC\CGameBoard.h(146,13): error C4430: missing type specifier - int assumed. Note: C++ does not support default-int
  (compiling source file '/CGameBoard.cpp')
  
  Checkers_MFC.cpp
C:\Users\zero_\Desktop\checkers_mfc-master\Checkers_MFC\CGameBoard.h(121,1): error C2059: syntax error: 'if'
  (compiling source file '/Checkers_MFC.cpp')
  
C:\Users\zero_\Desktop\checkers_mfc-master\Checkers_MFC\CGameBoard.h(121,20): error C2143: syntax error: missing ';' before '{'
  (compiling source file '/Checkers_MFC.cpp')
  
C:\Users\zero_\Desktop\checkers_mfc-master\Checkers_MFC\CGameBoard.h(121,20): error C2447: '{': missing function header (old-style formal list?)
  (compiling source file '/Checkers_MFC.cpp')
  
C:\Users\zero_\Desktop\checkers_mfc-master\Checkers_MFC\CGameBoard.h(130,1): error C2059: syntax error: 'else'
  (compiling source file '/Checkers_MFC.cpp')
  
C:\Users\zero_\Desktop\checkers_mfc-master\Checkers_MFC\CGameBoard.h(130,6): error C2143: syntax error: missing ';' before '{'
  (compiling source file '/Checkers_MFC.cpp')
  
C:\Users\zero_\Desktop\checkers_mfc-master\Checkers_MFC\CGameBoard.h(130,6): error C2447: '{': missing function header (old-style formal list?)
  (compiling source file '/Checkers_MFC.cpp')
  
C:\Users\zero_\Desktop\checkers_mfc-master\Checkers_MFC\CGameBoard.h(146,13): error C4430: missing type specifier - int assumed. Note: C++ does not support default-int
  (compiling source file '/Checkers_MFC.cpp')
  
  Checkers_MFCDoc.cpp
C:\Users\zero_\Desktop\checkers_mfc-master\Checkers_MFC\CGameBoard.h(121,1): error C2059: syntax error: 'if'
  (compiling source file '/Checkers_MFCDoc.cpp')
  
C:\Users\zero_\Desktop\checkers_mfc-master\Checkers_MFC\CGameBoard.h(121,20): error C2143: syntax error: missing ';' before '{'
  (compiling source file '/Checkers_MFCDoc.cpp')
  
C:\Users\zero_\Desktop\checkers_mfc-master\Checkers_MFC\CGameBoard.h(121,20): error C2447: '{': missing function header (old-style formal list?)
  (compiling source file '/Checkers_MFCDoc.cpp')
  
C:\Users\zero_\Desktop\checkers_mfc-master\Checkers_MFC\CGameBoard.h(130,1): error C2059: syntax error: 'else'
  (compiling source file '/Checkers_MFCDoc.cpp')
  
C:\Users\zero_\Desktop\checkers_mfc-master\Checkers_MFC\CGameBoard.h(130,6): error C2143: syntax error: missing ';' before '{'
  (compiling source file '/Checkers_MFCDoc.cpp')
  
C:\Users\zero_\Desktop\checkers_mfc-master\Checkers_MFC\CGameBoard.h(130,6): error C2447: '{': missing function header (old-style formal list?)
  (compiling source file '/Checkers_MFCDoc.cpp')
  
C:\Users\zero_\Desktop\checkers_mfc-master\Checkers_MFC\CGameBoard.h(146,13): error C4430: missing type specifier - int assumed. Note: C++ does not support default-int
  (compiling source file '/Checkers_MFCDoc.cpp')
  
  Checkers_MFCView.cpp
C:\Users\zero_\Desktop\checkers_mfc-master\Checkers_MFC\CGameBoard.h(121,1): error C2059: syntax error: 'if'
  (compiling source file '/Checkers_MFCView.cpp')
  
C:\Users\zero_\Desktop\checkers_mfc-master\Checkers_MFC\CGameBoard.h(121,20): error C2143: syntax error: missing ';' before '{'
  (compiling source file '/Checkers_MFCView.cpp')
  
C:\Users\zero_\Desktop\checkers_mfc-master\Checkers_MFC\CGameBoard.h(121,20): error C2447: '{': missing function header (old-style formal list?)
  (compiling source file '/Checkers_MFCView.cpp')
  
C:\Users\zero_\Desktop\checkers_mfc-master\Checkers_MFC\CGameBoard.h(130,1): error C2059: syntax error: 'else'
  (compiling source file '/Checkers_MFCView.cpp')
  
C:\Users\zero_\Desktop\checkers_mfc-master\Checkers_MFC\CGameBoard.h(130,6): error C2143: syntax error: missing ';' before '{'
  (compiling source file '/Checkers_MFCView.cpp')
  
C:\Users\zero_\Desktop\checkers_mfc-master\Checkers_MFC\CGameBoard.h(130,6): error C2447: '{': missing function header (old-style formal list?)
  (compiling source file '/Checkers_MFCView.cpp')
  
C:\Users\zero_\Desktop\checkers_mfc-master\Checkers_MFC\CGameBoard.h(146,13): error C4430: missing type specifier - int assumed. Note: C++ does not support default-int
  (compiling source file '/Checkers_MFCView.cpp')
  
C:\Users\zero_\Desktop\checkers_mfc-master\Checkers_MFC\Checkers_MFCView.cpp(248,23): warning C4566: character represented by universal-character-name '\u041F' cannot be represented in the current code page (1252)
  (compiling source file '/Checkers_MFCView.cpp')
  
C:\Users\zero_\Desktop\checkers_mfc-master\Checkers_MFC\Checkers_MFCView.cpp(248,23): warning C4566: character represented by universal-character-name '\u043E' cannot be represented in the current code page (1252)
  (compiling source file '/Checkers_MFCView.cpp')
  
C:\Users\zero_\Desktop\checkers_mfc-master\Checkers_MFC\Checkers_MFCView.cpp(248,23): warning C4566: character represented by universal-character-name '\u0431' cannot be represented in the current code page (1252)
  (compiling source file '/Checkers_MFCView.cpp')
  
C:\Users\zero_\Desktop\checkers_mfc-master\Checkers_MFC\Checkers_MFCView.cpp(248,23): warning C4566: character represented by universal-character-name '\u0435' cannot be represented in the current code page (1252)
  (compiling source file '/Checkers_MFCView.cpp')
  
C:\Users\zero_\Desktop\checkers_mfc-master\Checkers_MFC\Checkers_MFCView.cpp(248,23): warning C4566: character represented by universal-character-name '\u0434' cannot be represented in the current code page (1252)
  (compiling source file '/Checkers_MFCView.cpp')
  
C:\Users\zero_\Desktop\checkers_mfc-master\Checkers_MFC\Checkers_MFCView.cpp(248,23): warning C4566: character represented by universal-character-name '\u0430' cannot be represented in the current code page (1252)
  (compiling source file '/Checkers_MFCView.cpp')
  
C:\Users\zero_\Desktop\checkers_mfc-master\Checkers_MFC\Checkers_MFCView.cpp(248,23): warning C4566: character represented by universal-character-name '\u0447' cannot be represented in the current code page (1252)
  (compiling source file '/Checkers_MFCView.cpp')
  
C:\Users\zero_\Desktop\checkers_mfc-master\Checkers_MFC\Checkers_MFCView.cpp(248,23): warning C4566: character represented by universal-character-name '\u0451' cannot be represented in the current code page (1252)
  (compiling source file '/Checkers_MFCView.cpp')
  
C:\Users\zero_\Desktop\checkers_mfc-master\Checkers_MFC\Checkers_MFCView.cpp(248,23): warning C4566: character represented by universal-character-name '\u0440' cannot be represented in the current code page (1252)
  (compiling source file '/Checkers_MFCView.cpp')
  
C:\Users\zero_\Desktop\checkers_mfc-master\Checkers_MFC\Checkers_MFCView.cpp(248,23): warning C4566: character represented by universal-character-name '\u043D' cannot be represented in the current code page (1252)
  (compiling source file '/Checkers_MFCView.cpp')
  
C:\Users\zero_\Desktop\checkers_mfc-master\Checkers_MFC\Checkers_MFCView.cpp(248,23): warning C4566: character represented by universal-character-name '\u044B' cannot be represented in the current code page (1252)
  (compiling source file '/Checkers_MFCView.cpp')
  
C:\Users\zero_\Desktop\checkers_mfc-master\Checkers_MFC\Checkers_MFCView.cpp(248,23): warning C4566: character represented by universal-character-name '\u0445' cannot be represented in the current code page (1252)
  (compiling source file '/Checkers_MFCView.cpp')
  
C:\Users\zero_\Desktop\checkers_mfc-master\Checkers_MFC\Checkers_MFCView.cpp(249,22): warning C4566: character represented by universal-character-name '\u041D' cannot be represented in the current code page (1252)
  (compiling source file '/Checkers_MFCView.cpp')
  
C:\Users\zero_\Desktop\checkers_mfc-master\Checkers_MFC\Checkers_MFCView.cpp(249,22): warning C4566: character represented by universal-character-name '\u0438' cannot be represented in the current code page (1252)
  (compiling source file '/Checkers_MFCView.cpp')
  
C:\Users\zero_\Desktop\checkers_mfc-master\Checkers_MFC\Checkers_MFCView.cpp(249,22): warning C4566: character represented by universal-character-name '\u0447' cannot be represented in the current code page (1252)
  (compiling source file '/Checkers_MFCView.cpp')
  
C:\Users\zero_\Desktop\checkers_mfc-master\Checkers_MFC\Checkers_MFCView.cpp(249,22): warning C4566: character represented by universal-character-name '\u044C' cannot be represented in the current code page (1252)
  (compiling source file '/Checkers_MFCView.cpp')
  
C:\Users\zero_\Desktop\checkers_mfc-master\Checkers_MFC\Checkers_MFCView.cpp(249,22): warning C4566: character represented by universal-character-name '\u044F' cannot be represented in the current code page (1252)
  (compiling source file '/Checkers_MFCView.cpp')
  
C:\Users\zero_\Desktop\checkers_mfc-master\Checkers_MFC\Checkers_MFCView.cpp(250,22): warning C4566: character represented by universal-character-name '\u041F' cannot be represented in the current code page (1252)
  (compiling source file '/Checkers_MFCView.cpp')
  
C:\Users\zero_\Desktop\checkers_mfc-master\Checkers_MFC\Checkers_MFCView.cpp(250,22): warning C4566: character represented by universal-character-name '\u043E' cannot be represented in the current code page (1252)
  (compiling source file '/Checkers_MFCView.cpp')
  
C:\Users\zero_\Desktop\checkers_mfc-master\Checkers_MFC\Checkers_MFCView.cpp(250,22): warning C4566: character represented by universal-character-name '\u0431' cannot be represented in the current code page (1252)
  (compiling source file '/Checkers_MFCView.cpp')
  
C:\Users\zero_\Desktop\checkers_mfc-master\Checkers_MFC\Checkers_MFCView.cpp(250,22): warning C4566: character represented by universal-character-name '\u0435' cannot be represented in the current code page (1252)
  (compiling source file '/Checkers_MFCView.cpp')
  
C:\Users\zero_\Desktop\checkers_mfc-master\Checkers_MFC\Checkers_MFCView.cpp(250,22): warning C4566: character represented by universal-character-name '\u0434' cannot be represented in the current code page (1252)
  (compiling source file '/Checkers_MFCView.cpp')
  
C:\Users\zero_\Desktop\checkers_mfc-master\Checkers_MFC\Checkers_MFCView.cpp(250,22): warning C4566: character represented by universal-character-name '\u0430' cannot be represented in the current code page (1252)
  (compiling source file '/Checkers_MFCView.cpp')
  
C:\Users\zero_\Desktop\checkers_mfc-master\Checkers_MFC\Checkers_MFCView.cpp(250,22): warning C4566: character represented by universal-character-name '\u043B' cannot be represented in the current code page (1252)
  (compiling source file '/Checkers_MFCView.cpp')
  
C:\Users\zero_\Desktop\checkers_mfc-master\Checkers_MFC\Checkers_MFCView.cpp(250,22): warning C4566: character represented by universal-character-name '\u044B' cannot be represented in the current code page (1252)
  (compiling source file '/Checkers_MFCView.cpp')
  
C:\Users\zero_\Desktop\checkers_mfc-master\Checkers_MFC\Checkers_MFCView.cpp(250,22): warning C4566: character represented by universal-character-name '\u0445' cannot be represented in the current code page (1252)
  (compiling source file '/Checkers_MFCView.cpp')
  
C:\Users\zero_\Desktop\checkers_mfc-master\Checkers_MFC\Checkers_MFCView.cpp(251,23): warning C4566: character represented by universal-character-name '\u0418' cannot be represented in the current code page (1252)
  (compiling source file '/Checkers_MFCView.cpp')
  
C:\Users\zero_\Desktop\checkers_mfc-master\Checkers_MFC\Checkers_MFCView.cpp(251,23): warning C4566: character represented by universal-character-name '\u0441' cannot be represented in the current code page (1252)
  (compiling source file '/Checkers_MFCView.cpp')
  
C:\Users\zero_\Desktop\checkers_mfc-master\Checkers_MFC\Checkers_MFCView.cpp(251,23): warning C4566: character represented by universal-character-name '\u0445' cannot be represented in the current code page (1252)
  (compiling source file '/Checkers_MFCView.cpp')
  
C:\Users\zero_\Desktop\checkers_mfc-master\Checkers_MFC\Checkers_MFCView.cpp(251,23): warning C4566: character represented by universal-character-name '\u043E' cannot be represented in the current code page (1252)
  (compiling source file '/Checkers_MFCView.cpp')
  
C:\Users\zero_\Desktop\checkers_mfc-master\Checkers_MFC\Checkers_MFCView.cpp(251,23): warning C4566: character represented by universal-character-name '\u0434' cannot be represented in the current code page (1252)
  (compiling source file '/Checkers_MFCView.cpp')
  
C:\Users\zero_\Desktop\checkers_mfc-master\Checkers_MFC\Checkers_MFCView.cpp(251,23): warning C4566: character represented by universal-character-name '\u043F' cannot be represented in the current code page (1252)
  (compiling source file '/Checkers_MFCView.cpp')
  
C:\Users\zero_\Desktop\checkers_mfc-master\Checkers_MFC\Checkers_MFCView.cpp(251,23): warning C4566: character represented by universal-character-name '\u0430' cannot be represented in the current code page (1252)
  (compiling source file '/Checkers_MFCView.cpp')
  
C:\Users\zero_\Desktop\checkers_mfc-master\Checkers_MFC\Checkers_MFCView.cpp(251,23): warning C4566: character represented by universal-character-name '\u0440' cannot be represented in the current code page (1252)
  (compiling source file '/Checkers_MFCView.cpp')
  
C:\Users\zero_\Desktop\checkers_mfc-master\Checkers_MFC\Checkers_MFCView.cpp(251,23): warning C4566: character represented by universal-character-name '\u0442' cannot be represented in the current code page (1252)
  (compiling source file '/Checkers_MFCView.cpp')
  
C:\Users\zero_\Desktop\checkers_mfc-master\Checkers_MFC\Checkers_MFCView.cpp(251,23): warning C4566: character represented by universal-character-name '\u0438' cannot be represented in the current code page (1252)
  (compiling source file '/Checkers_MFCView.cpp')
  
C:\Users\zero_\Desktop\checkers_mfc-master\Checkers_MFC\Checkers_MFCView.cpp(251,23): warning C4566: character represented by universal-character-name '\u043D' cannot be represented in the current code page (1252)
  (compiling source file '/Checkers_MFCView.cpp')
  
C:\Users\zero_\Desktop\checkers_mfc-master\Checkers_MFC\Checkers_MFCView.cpp(251,23): warning C4566: character represented by universal-character-name '\u0435' cannot be represented in the current code page (1252)
  (compiling source file '/Checkers_MFCView.cpp')
  
C:\Users\zero_\Desktop\checkers_mfc-master\Checkers_MFC\Checkers_MFCView.cpp(251,23): warning C4566: character represented by universal-character-name '\u043B' cannot be represented in the current code page (1252)
  (compiling source file '/Checkers_MFCView.cpp')
  
C:\Users\zero_\Desktop\checkers_mfc-master\Checkers_MFC\Checkers_MFCView.cpp(251,23): warning C4566: character represented by universal-character-name '\u0451' cannot be represented in the current code page (1252)
  (compiling source file '/Checkers_MFCView.cpp')
  
  Generating Code...
